2025-01-26T13:26:20.130-05:00  INFO 12488 --- [webscrapper] [http-nio-8080-exec-1] o.a.c.c.C.[Tomcat].[localhost].[/]       : Initializing Spring DispatcherServlet 'dispatcherServlet'
2025-01-26T13:26:20.132-05:00  INFO 12488 --- [webscrapper] [http-nio-8080-exec-1] c.e.w.w.c.webScrappingController         : dragon
2025-01-26T13:26:20.133-05:00  INFO 12488 --- [webscrapper] [http-nio-8080-exec-1] c.e.w.w.c.webScrappingController         : 1
2025-01-26T13:26:20.133-05:00  INFO 12488 --- [webscrapper] [http-nio-8080-exec-1] c.e.w.w.c.webScrappingController         : dragon
2025-01-26T13:26:21.057-05:00  INFO 12488 --- [webscrapper] [http-nio-8080-exec-1] c.e.w.w.repositories.IWebSrapping        : <div class="navigation">
 <a class="text nav-next" href="https://jkanime.net/buscar/dragon/2/" rel="nofollow">Resultados Siguientes </a>
</div>
2025-01-26T13:28:09.840-05:00  INFO 12488 --- [webscrapper] [restartedMain] c.e.w.w.WebscrapperApplication           : Starting WebscrapperApplication using Java 17.0.8 with PID 12488 (D:\Proyectos programacion\JAVA\webscraper\webscrapper\target\classes started by Allan in D:\Proyectos programacion\JAVA\webscraper\webscrapper)
2025-01-26T13:28:09.840-05:00  INFO 12488 --- [webscrapper] [restartedMain] c.e.w.w.WebscrapperApplication           : No active profile set, falling back to 1 default profile: "default"
2025-01-26T13:28:09.968-05:00  INFO 12488 --- [webscrapper] [restartedMain] o.apache.catalina.core.StandardService   : Starting service [Tomcat]
2025-01-26T13:28:09.969-05:00  INFO 12488 --- [webscrapper] [restartedMain] o.apache.catalina.core.StandardEngine    : Starting Servlet engine: [Apache Tomcat/10.1.34]
2025-01-26T13:28:09.988-05:00  INFO 12488 --- [webscrapper] [restartedMain] o.a.c.c.C.[Tomcat].[localhost].[/]       : Initializing Spring embedded WebApplicationContext
2025-01-26T13:28:10.090-05:00  INFO 12488 --- [webscrapper] [restartedMain] c.e.w.w.WebscrapperApplication           : Started WebscrapperApplication in 0.28 seconds (process running for 4694.753)
2025-01-26T13:28:18.730-05:00  INFO 12488 --- [webscrapper] [http-nio-8080-exec-1] o.a.c.c.C.[Tomcat].[localhost].[/]       : Initializing Spring DispatcherServlet 'dispatcherServlet'
2025-01-26T13:28:19.614-05:00  INFO 12488 --- [webscrapper] [http-nio-8080-exec-1] c.e.w.w.repositories.IWebSrapping        : <div class="navigation">
 <a class="text nav-prev" href="https://jkanime.net/buscar/dragon/1/" rel="nofollow"> Resultados Anteriores</a> <a class="text nav-next" href="https://jkanime.net/buscar/dragon/3/" rel="nofollow">Resultados Siguientes </a>
</div>
2025-01-26T13:29:55.740-05:00  INFO 12488 --- [webscrapper] [restartedMain] c.e.w.w.WebscrapperApplication           : Starting WebscrapperApplication using Java 17.0.8 with PID 12488 (D:\Proyectos programacion\JAVA\webscraper\webscrapper\target\classes started by Allan in D:\Proyectos programacion\JAVA\webscraper\webscrapper)
2025-01-26T13:29:55.741-05:00  INFO 12488 --- [webscrapper] [restartedMain] c.e.w.w.WebscrapperApplication           : No active profile set, falling back to 1 default profile: "default"
2025-01-26T13:29:55.892-05:00  INFO 12488 --- [webscrapper] [restartedMain] o.apache.catalina.core.StandardService   : Starting service [Tomcat]
2025-01-26T13:29:55.892-05:00  INFO 12488 --- [webscrapper] [restartedMain] o.apache.catalina.core.StandardEngine    : Starting Servlet engine: [Apache Tomcat/10.1.34]
2025-01-26T13:29:55.909-05:00  INFO 12488 --- [webscrapper] [restartedMain] o.a.c.c.C.[Tomcat].[localhost].[/]       : Initializing Spring embedded WebApplicationContext
2025-01-26T13:29:56.040-05:00  INFO 12488 --- [webscrapper] [restartedMain] c.e.w.w.WebscrapperApplication           : Started WebscrapperApplication in 0.319 seconds (process running for 4800.702)
2025-01-26T13:30:00.875-05:00  INFO 12488 --- [webscrapper] [http-nio-8080-exec-2] o.a.c.c.C.[Tomcat].[localhost].[/]       : Initializing Spring DispatcherServlet 'dispatcherServlet'
2025-01-26T13:30:05.293-05:00  INFO 12488 --- [webscrapper] [http-nio-8080-exec-1] c.e.w.w.repositories.IWebSrapping        : <div class="navigation">
 <a class="text nav-next" href="https://jkanime.net/buscar/DRAG/2/" rel="nofollow">Resultados Siguientes </a>
</div>
2025-01-26T13:30:20.679-05:00  INFO 12488 --- [webscrapper] [http-nio-8080-exec-5] c.e.w.w.repositories.IWebSrapping        : <div class="navigation">
 <a class="text nav-prev" href="https://jkanime.net/buscar/DRAG/1/" rel="nofollow"> Resultados Anteriores</a> <a class="text nav-next" href="https://jkanime.net/buscar/DRAG/3/" rel="nofollow">Resultados Siguientes </a>
</div>
2025-01-26T13:33:11.497-05:00  INFO 12488 --- [webscrapper] [restartedMain] c.e.w.w.WebscrapperApplication           : Starting WebscrapperApplication using Java 17.0.8 with PID 12488 (D:\Proyectos programacion\JAVA\webscraper\webscrapper\target\classes started by Allan in D:\Proyectos programacion\JAVA\webscraper\webscrapper)
2025-01-26T13:33:11.497-05:00  INFO 12488 --- [webscrapper] [restartedMain] c.e.w.w.WebscrapperApplication           : No active profile set, falling back to 1 default profile: "default"
2025-01-26T13:33:11.658-05:00  INFO 12488 --- [webscrapper] [restartedMain] o.apache.catalina.core.StandardService   : Starting service [Tomcat]
2025-01-26T13:33:11.658-05:00  INFO 12488 --- [webscrapper] [restartedMain] o.apache.catalina.core.StandardEngine    : Starting Servlet engine: [Apache Tomcat/10.1.34]
2025-01-26T13:33:11.675-05:00  INFO 12488 --- [webscrapper] [restartedMain] o.a.c.c.C.[Tomcat].[localhost].[/]       : Initializing Spring embedded WebApplicationContext
2025-01-26T13:33:11.776-05:00  INFO 12488 --- [webscrapper] [restartedMain] c.e.w.w.WebscrapperApplication           : Started WebscrapperApplication in 0.296 seconds (process running for 4996.439)
2025-01-26T13:33:35.755-05:00  INFO 12488 --- [webscrapper] [restartedMain] c.e.w.w.WebscrapperApplication           : Starting WebscrapperApplication using Java 17.0.8 with PID 12488 (D:\Proyectos programacion\JAVA\webscraper\webscrapper\target\classes started by Allan in D:\Proyectos programacion\JAVA\webscraper\webscrapper)
2025-01-26T13:33:35.756-05:00  INFO 12488 --- [webscrapper] [restartedMain] c.e.w.w.WebscrapperApplication           : No active profile set, falling back to 1 default profile: "default"
2025-01-26T13:33:35.878-05:00  INFO 12488 --- [webscrapper] [restartedMain] o.apache.catalina.core.StandardService   : Starting service [Tomcat]
2025-01-26T13:33:35.879-05:00  INFO 12488 --- [webscrapper] [restartedMain] o.apache.catalina.core.StandardEngine    : Starting Servlet engine: [Apache Tomcat/10.1.34]
2025-01-26T13:33:35.895-05:00  INFO 12488 --- [webscrapper] [restartedMain] o.a.c.c.C.[Tomcat].[localhost].[/]       : Initializing Spring embedded WebApplicationContext
2025-01-26T13:33:35.981-05:00  INFO 12488 --- [webscrapper] [restartedMain] c.e.w.w.WebscrapperApplication           : Started WebscrapperApplication in 0.241 seconds (process running for 5020.643)
2025-01-26T13:33:37.491-05:00  INFO 12488 --- [webscrapper] [restartedMain] c.e.w.w.WebscrapperApplication           : Starting WebscrapperApplication using Java 17.0.8 with PID 12488 (D:\Proyectos programacion\JAVA\webscraper\webscrapper\target\classes started by Allan in D:\Proyectos programacion\JAVA\webscraper\webscrapper)
2025-01-26T13:33:37.491-05:00  INFO 12488 --- [webscrapper] [restartedMain] c.e.w.w.WebscrapperApplication           : No active profile set, falling back to 1 default profile: "default"
2025-01-26T13:33:37.616-05:00  INFO 12488 --- [webscrapper] [restartedMain] o.apache.catalina.core.StandardService   : Starting service [Tomcat]
2025-01-26T13:33:37.617-05:00  INFO 12488 --- [webscrapper] [restartedMain] o.apache.catalina.core.StandardEngine    : Starting Servlet engine: [Apache Tomcat/10.1.34]
2025-01-26T13:33:37.638-05:00  INFO 12488 --- [webscrapper] [restartedMain] o.a.c.c.C.[Tomcat].[localhost].[/]       : Initializing Spring embedded WebApplicationContext
2025-01-26T13:33:37.770-05:00  INFO 12488 --- [webscrapper] [restartedMain] c.e.w.w.WebscrapperApplication           : Started WebscrapperApplication in 0.295 seconds (process running for 5022.432)
2025-01-26T13:33:39.277-05:00  INFO 12488 --- [webscrapper] [restartedMain] c.e.w.w.WebscrapperApplication           : Starting WebscrapperApplication using Java 17.0.8 with PID 12488 (D:\Proyectos programacion\JAVA\webscraper\webscrapper\target\classes started by Allan in D:\Proyectos programacion\JAVA\webscraper\webscrapper)
2025-01-26T13:33:39.277-05:00  INFO 12488 --- [webscrapper] [restartedMain] c.e.w.w.WebscrapperApplication           : No active profile set, falling back to 1 default profile: "default"
2025-01-26T13:33:39.401-05:00  INFO 12488 --- [webscrapper] [restartedMain] o.apache.catalina.core.StandardService   : Starting service [Tomcat]
2025-01-26T13:33:39.401-05:00  INFO 12488 --- [webscrapper] [restartedMain] o.apache.catalina.core.StandardEngine    : Starting Servlet engine: [Apache Tomcat/10.1.34]
2025-01-26T13:33:39.418-05:00  INFO 12488 --- [webscrapper] [restartedMain] o.a.c.c.C.[Tomcat].[localhost].[/]       : Initializing Spring embedded WebApplicationContext
2025-01-26T13:33:39.503-05:00  INFO 12488 --- [webscrapper] [restartedMain] c.e.w.w.WebscrapperApplication           : Started WebscrapperApplication in 0.243 seconds (process running for 5024.166)
2025-01-26T13:34:49.382-05:00  INFO 12488 --- [webscrapper] [restartedMain] c.e.w.w.WebscrapperApplication           : Starting WebscrapperApplication using Java 17.0.8 with PID 12488 (D:\Proyectos programacion\JAVA\webscraper\webscrapper\target\classes started by Allan in D:\Proyectos programacion\JAVA\webscraper\webscrapper)
2025-01-26T13:34:49.383-05:00  INFO 12488 --- [webscrapper] [restartedMain] c.e.w.w.WebscrapperApplication           : No active profile set, falling back to 1 default profile: "default"
2025-01-26T13:34:49.668-05:00  INFO 12488 --- [webscrapper] [restartedMain] o.apache.catalina.core.StandardService   : Starting service [Tomcat]
2025-01-26T13:34:49.668-05:00  INFO 12488 --- [webscrapper] [restartedMain] o.apache.catalina.core.StandardEngine    : Starting Servlet engine: [Apache Tomcat/10.1.34]
2025-01-26T13:34:49.685-05:00  INFO 12488 --- [webscrapper] [restartedMain] o.a.c.c.C.[Tomcat].[localhost].[/]       : Initializing Spring embedded WebApplicationContext
2025-01-26T13:34:49.760-05:00  INFO 12488 --- [webscrapper] [restartedMain] c.e.w.w.WebscrapperApplication           : Started WebscrapperApplication in 0.398 seconds (process running for 5094.423)
2025-01-26T13:34:51.298-05:00  INFO 12488 --- [webscrapper] [restartedMain] c.e.w.w.WebscrapperApplication           : Starting WebscrapperApplication using Java 17.0.8 with PID 12488 (D:\Proyectos programacion\JAVA\webscraper\webscrapper\target\classes started by Allan in D:\Proyectos programacion\JAVA\webscraper\webscrapper)
2025-01-26T13:34:51.298-05:00  INFO 12488 --- [webscrapper] [restartedMain] c.e.w.w.WebscrapperApplication           : No active profile set, falling back to 1 default profile: "default"
2025-01-26T13:34:51.448-05:00  INFO 12488 --- [webscrapper] [restartedMain] o.apache.catalina.core.StandardService   : Starting service [Tomcat]
2025-01-26T13:34:51.448-05:00  INFO 12488 --- [webscrapper] [restartedMain] o.apache.catalina.core.StandardEngine    : Starting Servlet engine: [Apache Tomcat/10.1.34]
2025-01-26T13:34:51.469-05:00  INFO 12488 --- [webscrapper] [restartedMain] o.a.c.c.C.[Tomcat].[localhost].[/]       : Initializing Spring embedded WebApplicationContext
2025-01-26T13:34:51.557-05:00  INFO 12488 --- [webscrapper] [restartedMain] c.e.w.w.WebscrapperApplication           : Started WebscrapperApplication in 0.281 seconds (process running for 5096.219)
2025-01-26T13:34:57.029-05:00  INFO 12488 --- [webscrapper] [http-nio-8080-exec-1] o.a.c.c.C.[Tomcat].[localhost].[/]       : Initializing Spring DispatcherServlet 'dispatcherServlet'
2025-01-26T13:34:58.045-05:00  INFO 12488 --- [webscrapper] [http-nio-8080-exec-1] c.e.w.w.repositories.IWebSrapping        : <div class="navigation">
 <a class="text nav-next" href="https://jkanime.net/buscar/DRAGon/2/" rel="nofollow">Resultados Siguientes </a>
</div>
2025-01-26T13:35:47.621-05:00  INFO 12488 --- [webscrapper] [http-nio-8080-exec-9] c.e.w.w.repositories.IWebSrapping        : <div class="navigation">
 <a class="text nav-next" href="https://jkanime.net/buscar/drag/2/" rel="nofollow">Resultados Siguientes </a>
</div>
2025-01-26T13:35:57.278-05:00  INFO 12488 --- [webscrapper] [http-nio-8080-exec-10] c.e.w.w.repositories.IWebSrapping        : <div class="navigation">
 <a class="text nav-prev" href="https://jkanime.net/buscar/drag/1/" rel="nofollow"> Resultados Anteriores</a> <a class="text nav-next" href="https://jkanime.net/buscar/drag/3/" rel="nofollow">Resultados Siguientes </a>
</div>
2025-01-26T13:36:03.792-05:00  INFO 12488 --- [webscrapper] [http-nio-8080-exec-1] c.e.w.w.repositories.IWebSrapping        : <div class="navigation">
 <a class="text nav-next" href="https://jkanime.net/buscar/drag/2/" rel="nofollow">Resultados Siguientes </a>
</div>
2025-01-26T13:36:13.132-05:00  INFO 12488 --- [webscrapper] [http-nio-8080-exec-3] c.e.w.w.repositories.IWebSrapping        : <div class="navigation">
 <a class="text nav-prev" href="https://jkanime.net/buscar/drag/1/" rel="nofollow"> Resultados Anteriores</a> <a class="text nav-next" href="https://jkanime.net/buscar/drag/3/" rel="nofollow">Resultados Siguientes </a>
</div>
2025-01-26T13:36:15.454-05:00  INFO 12488 --- [webscrapper] [http-nio-8080-exec-4] c.e.w.w.repositories.IWebSrapping        : <div class="navigation">
 <a class="text nav-prev" href="https://jkanime.net/buscar/drag/2/" rel="nofollow"> Resultados Anteriores</a> <a class="text nav-next" href="https://jkanime.net/buscar/drag/4/" rel="nofollow">Resultados Siguientes </a>
</div>
2025-01-26T13:36:18.246-05:00  INFO 12488 --- [webscrapper] [http-nio-8080-exec-5] c.e.w.w.repositories.IWebSrapping        : <div class="navigation">
 <a class="text nav-prev" href="https://jkanime.net/buscar/drag/3/" rel="nofollow"> Resultados Anteriores</a>
</div>
